{
  message: 'Server running on port 3000 in development mode',
  level: 'info',
  service: 'kosan-api',
  timestamp: '2025-06-23 01:34:58'
}
{
  message: 'Upload directories initialized',
  level: 'info',
  service: 'kosan-api',
  timestamp: '2025-06-23 01:34:58'
}
{
  message: 'Server running on port 3000 in development mode',
  level: 'info',
  service: 'kosan-api',
  timestamp: '2025-06-23 01:38:22'
}
{
  message: 'Upload directories initialized',
  level: 'info',
  service: 'kosan-api',
  timestamp: '2025-06-23 01:38:22'
}
{
  message: 'SIGINT received. Shutting down gracefully...',
  level: 'info',
  service: 'kosan-api',
  timestamp: '2025-06-23 01:38:29'
}
{
  message: 'Server running on port 3000 in development mode',
  level: 'info',
  service: 'kosan-api',
  timestamp: '2025-06-23 01:38:30'
}
{
  message: 'Upload directories initialized',
  level: 'info',
  service: 'kosan-api',
  timestamp: '2025-06-23 01:38:30'
}
{
  message: 'Cleaned temp file: 18dd6482-e82a-44ca-832a-40025151fe4e_1750493807897.jpg',
  level: 'info',
  service: 'kosan-api',
  timestamp: '2025-06-23 02:38:31'
}
{
  message: 'Cleaned temp file: 2cc7639b-2236-47f7-b539-06f92bf529ab_1750492088091.jpg',
  level: 'info',
  service: 'kosan-api',
  timestamp: '2025-06-23 02:38:31'
}
{
  message: 'Cleaned temp file: 67b5203f-daef-4a56-abf0-fcd04dc7cfb8_1750490501877.jpg',
  level: 'info',
  service: 'kosan-api',
  timestamp: '2025-06-23 02:38:31'
}
{
  message: 'Cleaned temp file: 6c4b2156-3110-4937-bdc6-7c8020e46af9_1750495939177.jpg',
  level: 'info',
  service: 'kosan-api',
  timestamp: '2025-06-23 02:38:31'
}
{
  message: 'Cleaned temp file: 7083f203-1fd0-449b-810f-a2ea18a58458_1750496161394.jpg',
  level: 'info',
  service: 'kosan-api',
  timestamp: '2025-06-23 02:38:31'
}
{
  message: 'Cleaned temp file: 7f899446-69bd-4df3-8cf6-d19b1d167474_1750492797885.jpg',
  level: 'info',
  service: 'kosan-api',
  timestamp: '2025-06-23 02:38:31'
}
{
  message: 'Cleaned temp file: c3074287-5d1f-4bef-84fa-1aff27336b65_1750493278632.jpg',
  level: 'info',
  service: 'kosan-api',
  timestamp: '2025-06-23 02:38:31'
}
{
  message: 'Cleaned temp file: d95358c9-1669-4773-ae24-ca5a09afa921_1750496063873.jpg',
  level: 'info',
  service: 'kosan-api',
  timestamp: '2025-06-23 02:38:31'
}
{
  message: 'Cleaned temp file: dc864d46-25ef-4f76-8371-0b15c71b7314_1750490453591.jpg',
  level: 'info',
  service: 'kosan-api',
  timestamp: '2025-06-23 02:38:31'
}
{
  message: 'Cleaned temp file: fbe52268-232e-49e1-bf44-2071f4d14f6d_1750491236038.jpg',
  level: 'info',
  service: 'kosan-api',
  timestamp: '2025-06-23 02:38:31'
}
{
  message: 'Cleaned temp file: ff04e9ec-fb83-436d-a2af-d3b6b6fb79b7_1750494066005.jpg',
  level: 'info',
  service: 'kosan-api',
  timestamp: '2025-06-23 02:38:31'
}
