{
  message: {
    error: 'Route /api/user/test not found',
    stack: 'Error: Route /api/user/test not found\n' +
      '    at notFoundHandler (/Users/dervaag/Documents/projects/kost-kita/kosan-backend/src/middleware/errorHandler.js:134:19)\n' +
      '    at Layer.handle [as handle_request] (/Users/dervaag/Documents/projects/kost-kita/kosan-backend/node_modules/express/lib/router/layer.js:95:5)\n' +
      '    at trim_prefix (/Users/dervaag/Documents/projects/kost-kita/kosan-backend/node_modules/express/lib/router/index.js:328:13)\n' +
      '    at /Users/dervaag/Documents/projects/kost-kita/kosan-backend/node_modules/express/lib/router/index.js:286:9\n' +
      '    at Function.process_params (/Users/dervaag/Documents/projects/kost-kita/kosan-backend/node_modules/express/lib/router/index.js:346:12)\n' +
      '    at next (/Users/dervaag/Documents/projects/kost-kita/kosan-backend/node_modules/express/lib/router/index.js:280:10)\n' +
      '    at initialize (/Users/dervaag/Documents/projects/kost-kita/kosan-backend/node_modules/passport/lib/middleware/initialize.js:98:5)\n' +
      '    at Layer.handle [as handle_request] (/Users/dervaag/Documents/projects/kost-kita/kosan-backend/node_modules/express/lib/router/layer.js:95:5)\n' +
      '    at trim_prefix (/Users/dervaag/Documents/projects/kost-kita/kosan-backend/node_modules/express/lib/router/index.js:328:13)\n' +
      '    at /Users/dervaag/Documents/projects/kost-kita/kosan-backend/node_modules/express/lib/router/index.js:286:9',
    url: '/api/user/test',
    method: 'GET',
    ip: '::1',
    userAgent: 'Mozilla/5.0 (Macintosh; Intel Mac OS X 10_15_7) AppleWebKit/537.36 (KHTML, like Gecko) Chrome/137.0.0.0 Safari/537.36'
  },
  level: 'error',
  service: 'kosan-api',
  timestamp: '2025-06-12 15:05:52'
}
{
  message: {
    error: 'Route /api/user/test not found',
    stack: 'Error: Route /api/user/test not found\n' +
      '    at notFoundHandler (/Users/dervaag/Documents/projects/kost-kita/kosan-backend/src/middleware/errorHandler.js:134:19)\n' +
      '    at Layer.handle [as handle_request] (/Users/dervaag/Documents/projects/kost-kita/kosan-backend/node_modules/express/lib/router/layer.js:95:5)\n' +
      '    at trim_prefix (/Users/dervaag/Documents/projects/kost-kita/kosan-backend/node_modules/express/lib/router/index.js:328:13)\n' +
      '    at /Users/dervaag/Documents/projects/kost-kita/kosan-backend/node_modules/express/lib/router/index.js:286:9\n' +
      '    at Function.process_params (/Users/dervaag/Documents/projects/kost-kita/kosan-backend/node_modules/express/lib/router/index.js:346:12)\n' +
      '    at next (/Users/dervaag/Documents/projects/kost-kita/kosan-backend/node_modules/express/lib/router/index.js:280:10)\n' +
      '    at initialize (/Users/dervaag/Documents/projects/kost-kita/kosan-backend/node_modules/passport/lib/middleware/initialize.js:98:5)\n' +
      '    at Layer.handle [as handle_request] (/Users/dervaag/Documents/projects/kost-kita/kosan-backend/node_modules/express/lib/router/layer.js:95:5)\n' +
      '    at trim_prefix (/Users/dervaag/Documents/projects/kost-kita/kosan-backend/node_modules/express/lib/router/index.js:328:13)\n' +
      '    at /Users/dervaag/Documents/projects/kost-kita/kosan-backend/node_modules/express/lib/router/index.js:286:9',
    url: '/api/user/test',
    method: 'GET',
    ip: '::1',
    userAgent: 'Mozilla/5.0 (Macintosh; Intel Mac OS X 10_15_7) AppleWebKit/537.36 (KHTML, like Gecko) Chrome/137.0.0.0 Safari/537.36'
  },
  level: 'error',
  service: 'kosan-api',
  timestamp: '2025-06-12 15:05:54'
}
{
  message: {
    error: 'Invalid email or password',
    stack: 'Error: Invalid email or password\n' +
      '    at AuthService.login (/Users/dervaag/Documents/projects/kost-kita/kosan-backend/src/services/authService.js:94:19)\n' +
      '    at async /Users/dervaag/Documents/projects/kost-kita/kosan-backend/src/controllers/authController.js:25:24',
    url: '/api/v1/auth/login',
    method: 'POST',
    ip: '::1',
    userAgent: 'PostmanRuntime/7.44.0'
  },
  level: 'error',
  service: 'kosan-api',
  timestamp: '2025-06-13 13:22:59'
}
{
  message: {
    error: 'Email already registered',
    stack: 'Error: Email already registered\n' +
      '    at AuthService.register (/Users/dervaag/Documents/projects/kost-kita/kosan-backend/src/services/authService.js:29:23)\n' +
      '    at async /Users/dervaag/Documents/projects/kost-kita/kosan-backend/src/controllers/authController.js:12:24',
    url: '/api/v1/auth/register',
    method: 'POST',
    ip: '::1',
    userAgent: 'PostmanRuntime/7.44.0'
  },
  level: 'error',
  service: 'kosan-api',
  timestamp: '2025-06-13 15:29:35'
}
{
  message: {
    error: 'userWithoutPassword is not defined',
    stack: 'ReferenceError: userWithoutPassword is not defined\n' +
      '    at AuthService.login (/Users/dervaag/Documents/projects/kost-kita/kosan-backend/src/services/authService.js:131:19)\n' +
      '    at async /Users/dervaag/Documents/projects/kost-kita/kosan-backend/src/controllers/authController.js:32:24',
    url: '/api/v1/auth/login',
    method: 'POST',
    ip: '::1',
    userAgent: 'PostmanRuntime/7.44.0'
  },
  level: 'error',
  service: 'kosan-api',
  timestamp: '2025-06-13 15:30:42'
}
{
  message: {
    error: 'userWithoutPassword is not defined',
    stack: 'ReferenceError: userWithoutPassword is not defined\n' +
      '    at AuthService.login (/Users/dervaag/Documents/projects/kost-kita/kosan-backend/src/services/authService.js:131:19)\n' +
      '    at async /Users/dervaag/Documents/projects/kost-kita/kosan-backend/src/controllers/authController.js:32:24',
    url: '/api/v1/auth/login',
    method: 'POST',
    ip: '::1',
    userAgent: 'PostmanRuntime/7.44.0'
  },
  level: 'error',
  service: 'kosan-api',
  timestamp: '2025-06-13 15:31:27'
}
{
  message: {
    error: 'Login sessions require session support. Did you forget to use `express-session` middleware?',
    stack: 'Error: Login sessions require session support. Did you forget to use `express-session` middleware?\n' +
      '    at SessionManager.logIn (/Users/dervaag/Documents/projects/kost-kita/kosan-backend/node_modules/passport/lib/sessionmanager.js:21:33)\n' +
      '    at req.login.req.logIn (/Users/dervaag/Documents/projects/kost-kita/kosan-backend/node_modules/passport/lib/http/request.js:39:26)\n' +
      '    at strategy.success (/Users/dervaag/Documents/projects/kost-kita/kosan-backend/node_modules/passport/lib/middleware/authenticate.js:265:13)\n' +
      '    at verified (/Users/dervaag/Documents/projects/kost-kita/kosan-backend/node_modules/passport-oauth2/lib/strategy.js:189:20)\n' +
      '    at Strategy._verify (/Users/dervaag/Documents/projects/kost-kita/kosan-backend/src/config/passport.js:94:16)',
    url: '/api/v1/auth/google/callback?code=4%2F0AUJR-x7-wiTLqLroetEmBmAnhCZjZLkFVm0SdWkjRs4TsrWCLm5pmFUh-WmIruXEasAKdw&scope=email+profile+https%3A%2F%2Fwww.googleapis.com%2Fauth%2Fuserinfo.profile+https%3A%2F%2Fwww.googleapis.com%2Fauth%2Fuserinfo.email+openid&authuser=0&prompt=consent',
    method: 'GET',
    ip: '::1',
    userAgent: 'Mozilla/5.0 (Macintosh; Intel Mac OS X 10_15_7) AppleWebKit/537.36 (KHTML, like Gecko) Chrome/137.0.0.0 Safari/537.36'
  },
  level: 'error',
  service: 'kosan-api',
  timestamp: '2025-06-13 15:38:12'
}
{
  message: {
    error: 'Login sessions require session support. Did you forget to use `express-session` middleware?',
    stack: 'Error: Login sessions require session support. Did you forget to use `express-session` middleware?\n' +
      '    at SessionManager.logIn (/Users/dervaag/Documents/projects/kost-kita/kosan-backend/node_modules/passport/lib/sessionmanager.js:21:33)\n' +
      '    at req.login.req.logIn (/Users/dervaag/Documents/projects/kost-kita/kosan-backend/node_modules/passport/lib/http/request.js:39:26)\n' +
      '    at strategy.success (/Users/dervaag/Documents/projects/kost-kita/kosan-backend/node_modules/passport/lib/middleware/authenticate.js:265:13)\n' +
      '    at verified (/Users/dervaag/Documents/projects/kost-kita/kosan-backend/node_modules/passport-oauth2/lib/strategy.js:189:20)\n' +
      '    at Strategy._verify (/Users/dervaag/Documents/projects/kost-kita/kosan-backend/src/config/passport.js:110:16)',
    url: '/api/v1/auth/google/callback?code=4%2F0AUJR-x5GTMP6q5qDnGjBTO4Q0uaG0PDHw7FZX7llWogh5MhwMmeJV9aIobiaUDWiBMDcjA&scope=email+profile+https%3A%2F%2Fwww.googleapis.com%2Fauth%2Fuserinfo.profile+https%3A%2F%2Fwww.googleapis.com%2Fauth%2Fuserinfo.email+openid&authuser=0&prompt=consent',
    method: 'GET',
    ip: '::1',
    userAgent: 'Mozilla/5.0 (Macintosh; Intel Mac OS X 10_15_7) AppleWebKit/537.36 (KHTML, like Gecko) Chrome/137.0.0.0 Safari/537.36'
  },
  level: 'error',
  service: 'kosan-api',
  timestamp: '2025-06-13 15:42:22'
}
{
  message: {
    error: 'Route /favicon.ico not found',
    stack: 'Error: Route /favicon.ico not found\n' +
      '    at notFoundHandler (/Users/dervaag/Documents/projects/kost-kita/kosan-backend/src/middleware/errorHandler.js:130:19)\n' +
      '    at Layer.handle [as handle_request] (/Users/dervaag/Documents/projects/kost-kita/kosan-backend/node_modules/express/lib/router/layer.js:95:5)\n' +
      '    at trim_prefix (/Users/dervaag/Documents/projects/kost-kita/kosan-backend/node_modules/express/lib/router/index.js:328:13)\n' +
      '    at /Users/dervaag/Documents/projects/kost-kita/kosan-backend/node_modules/express/lib/router/index.js:286:9\n' +
      '    at Function.process_params (/Users/dervaag/Documents/projects/kost-kita/kosan-backend/node_modules/express/lib/router/index.js:346:12)\n' +
      '    at next (/Users/dervaag/Documents/projects/kost-kita/kosan-backend/node_modules/express/lib/router/index.js:280:10)\n' +
      '    at initialize (/Users/dervaag/Documents/projects/kost-kita/kosan-backend/node_modules/passport/lib/middleware/initialize.js:98:5)\n' +
      '    at Layer.handle [as handle_request] (/Users/dervaag/Documents/projects/kost-kita/kosan-backend/node_modules/express/lib/router/layer.js:95:5)\n' +
      '    at trim_prefix (/Users/dervaag/Documents/projects/kost-kita/kosan-backend/node_modules/express/lib/router/index.js:328:13)\n' +
      '    at /Users/dervaag/Documents/projects/kost-kita/kosan-backend/node_modules/express/lib/router/index.js:286:9',
    url: '/favicon.ico',
    method: 'GET',
    ip: '::1',
    userAgent: 'Mozilla/5.0 (Macintosh; Intel Mac OS X 10_15_7) AppleWebKit/537.36 (KHTML, like Gecko) Chrome/137.0.0.0 Safari/537.36'
  },
  level: 'error',
  service: 'kosan-api',
  timestamp: '2025-06-13 15:42:22'
}
{
  message: {
    error: 'Login sessions require session support. Did you forget to use `express-session` middleware?',
    stack: 'Error: Login sessions require session support. Did you forget to use `express-session` middleware?\n' +
      '    at SessionManager.logIn (/Users/dervaag/Documents/projects/kost-kita/kosan-backend/node_modules/passport/lib/sessionmanager.js:21:33)\n' +
      '    at req.login.req.logIn (/Users/dervaag/Documents/projects/kost-kita/kosan-backend/node_modules/passport/lib/http/request.js:39:26)\n' +
      '    at strategy.success (/Users/dervaag/Documents/projects/kost-kita/kosan-backend/node_modules/passport/lib/middleware/authenticate.js:265:13)\n' +
      '    at verified (/Users/dervaag/Documents/projects/kost-kita/kosan-backend/node_modules/passport-oauth2/lib/strategy.js:189:20)\n' +
      '    at Strategy._verify (/Users/dervaag/Documents/projects/kost-kita/kosan-backend/src/config/passport.js:67:20)',
    url: '/api/v1/auth/google/callback?code=4%2F0AUJR-x6FPGZPBqEHJMg9XLM73XPxCSw2mQyuP82U13EJlQZ-GcYVxGrUhbGtOT8AJCQ2Qw&scope=email+profile+openid+https%3A%2F%2Fwww.googleapis.com%2Fauth%2Fuserinfo.email+https%3A%2F%2Fwww.googleapis.com%2Fauth%2Fuserinfo.profile&authuser=0&prompt=none',
    method: 'GET',
    ip: '::1',
    userAgent: 'Mozilla/5.0 (Macintosh; Intel Mac OS X 10_15_7) AppleWebKit/537.36 (KHTML, like Gecko) Chrome/137.0.0.0 Safari/537.36'
  },
  level: 'error',
  service: 'kosan-api',
  timestamp: '2025-06-13 15:42:40'
}
{
  message: {
    error: 'Bad Request',
    stack: 'TokenError: Bad Request\n' +
      '    at OAuth2Strategy.parseErrorResponse (/Users/dervaag/Documents/projects/kost-kita/kosan-backend/node_modules/passport-oauth2/lib/strategy.js:373:12)\n' +
      '    at OAuth2Strategy._createOAuthError (/Users/dervaag/Documents/projects/kost-kita/kosan-backend/node_modules/passport-oauth2/lib/strategy.js:420:16)\n' +
      '    at /Users/dervaag/Documents/projects/kost-kita/kosan-backend/node_modules/passport-oauth2/lib/strategy.js:177:45\n' +
      '    at /Users/dervaag/Documents/projects/kost-kita/kosan-backend/node_modules/oauth/lib/oauth2.js:196:18\n' +
      '    at passBackControl (/Users/dervaag/Documents/projects/kost-kita/kosan-backend/node_modules/oauth/lib/oauth2.js:132:9)\n' +
      '    at IncomingMessage.<anonymous> (/Users/dervaag/Documents/projects/kost-kita/kosan-backend/node_modules/oauth/lib/oauth2.js:157:7)\n' +
      '    at IncomingMessage.emit (node:events:530:35)\n' +
      '    at endReadableNT (node:internal/streams/readable:1698:12)\n' +
      '    at process.processTicksAndRejections (node:internal/process/task_queues:90:21)',
    url: '/api/v1/auth/google/callback?code=4%2F0AUJR-x5GTMP6q5qDnGjBTO4Q0uaG0PDHw7FZX7llWogh5MhwMmeJV9aIobiaUDWiBMDcjA&scope=email+profile+https%3A%2F%2Fwww.googleapis.com%2Fauth%2Fuserinfo.profile+https%3A%2F%2Fwww.googleapis.com%2Fauth%2Fuserinfo.email+openid&authuser=0&prompt=consent',
    method: 'GET',
    ip: '::1',
    userAgent: 'Mozilla/5.0 (Macintosh; Intel Mac OS X 10_15_7) AppleWebKit/537.36 (KHTML, like Gecko) Chrome/137.0.0.0 Safari/537.36'
  },
  level: 'error',
  service: 'kosan-api',
  timestamp: '2025-06-13 15:43:30'
}
{
  message: {
    error: 'Bad Request',
    stack: 'TokenError: Bad Request\n' +
      '    at OAuth2Strategy.parseErrorResponse (/Users/dervaag/Documents/projects/kost-kita/kosan-backend/node_modules/passport-oauth2/lib/strategy.js:373:12)\n' +
      '    at OAuth2Strategy._createOAuthError (/Users/dervaag/Documents/projects/kost-kita/kosan-backend/node_modules/passport-oauth2/lib/strategy.js:420:16)\n' +
      '    at /Users/dervaag/Documents/projects/kost-kita/kosan-backend/node_modules/passport-oauth2/lib/strategy.js:177:45\n' +
      '    at /Users/dervaag/Documents/projects/kost-kita/kosan-backend/node_modules/oauth/lib/oauth2.js:196:18\n' +
      '    at passBackControl (/Users/dervaag/Documents/projects/kost-kita/kosan-backend/node_modules/oauth/lib/oauth2.js:132:9)\n' +
      '    at IncomingMessage.<anonymous> (/Users/dervaag/Documents/projects/kost-kita/kosan-backend/node_modules/oauth/lib/oauth2.js:157:7)\n' +
      '    at IncomingMessage.emit (node:events:530:35)\n' +
      '    at endReadableNT (node:internal/streams/readable:1698:12)\n' +
      '    at process.processTicksAndRejections (node:internal/process/task_queues:90:21)',
    url: '/api/v1/auth/google/callback?code=4%2F0AUJR-x6FPGZPBqEHJMg9XLM73XPxCSw2mQyuP82U13EJlQZ-GcYVxGrUhbGtOT8AJCQ2Qw&scope=email+profile+openid+https%3A%2F%2Fwww.googleapis.com%2Fauth%2Fuserinfo.email+https%3A%2F%2Fwww.googleapis.com%2Fauth%2Fuserinfo.profile&authuser=0&prompt=none',
    method: 'GET',
    ip: '::1',
    userAgent: 'Mozilla/5.0 (Macintosh; Intel Mac OS X 10_15_7) AppleWebKit/537.36 (KHTML, like Gecko) Chrome/137.0.0.0 Safari/537.36'
  },
  level: 'error',
  service: 'kosan-api',
  timestamp: '2025-06-13 15:43:32'
}
{
  message: {
    error: 'Login sessions require session support. Did you forget to use `express-session` middleware?',
    stack: 'Error: Login sessions require session support. Did you forget to use `express-session` middleware?\n' +
      '    at SessionManager.logIn (/Users/dervaag/Documents/projects/kost-kita/kosan-backend/node_modules/passport/lib/sessionmanager.js:21:33)\n' +
      '    at req.login.req.logIn (/Users/dervaag/Documents/projects/kost-kita/kosan-backend/node_modules/passport/lib/http/request.js:39:26)\n' +
      '    at /Users/dervaag/Documents/projects/kost-kita/kosan-backend/src/routes/authRoutes.js:102:13\n' +
      '    at strategy.success (/Users/dervaag/Documents/projects/kost-kita/kosan-backend/node_modules/passport/lib/middleware/authenticate.js:222:18)\n' +
      '    at verified (/Users/dervaag/Documents/projects/kost-kita/kosan-backend/node_modules/passport-oauth2/lib/strategy.js:189:20)\n' +
      '    at Strategy._verify (/Users/dervaag/Documents/projects/kost-kita/kosan-backend/src/config/passport.js:76:20)',
    url: '/api/v1/auth/google/callback?code=4%2F0AUJR-x7EeIPLBRXd_f66T80PbziMgEvYc1GSLVR2MjBolFM6BK8Pa5uhcEVbIWIjY2g9EA&scope=email+profile+openid+https%3A%2F%2Fwww.googleapis.com%2Fauth%2Fuserinfo.email+https%3A%2F%2Fwww.googleapis.com%2Fauth%2Fuserinfo.profile&authuser=0&prompt=none',
    method: 'GET',
    ip: '::1',
    userAgent: 'Mozilla/5.0 (Macintosh; Intel Mac OS X 10_15_7) AppleWebKit/537.36 (KHTML, like Gecko) Chrome/137.0.0.0 Safari/537.36'
  },
  level: 'error',
  service: 'kosan-api',
  timestamp: '2025-06-13 15:47:58'
}
